Scaling...
 A: min|aij| =  1.000e+00  max|aij| =  1.000e+00  ratio =  1.000e+00
Problem data seem to be well scaled
importing human genome model...
importing transcripts...
transforming simulated counts...
normalizing transcripts...
generating expression profiles...
calling gimme on SRR6467688...
SRR6467688: performing first optimization...
SRR6467688: generating coefficients...
SRR6467688: adding penalties to reactions...
SRR6467688: performing second optimization...
calling gimme on SRR6467689...
SRR6467689: performing first optimization...
SRR6467689: generating coefficients...
SRR6467689: adding penalties to reactions...
SRR6467689: performing second optimization...
calling gimme on SRR6467690...
SRR6467690: performing first optimization...
SRR6467690: generating coefficients...
SRR6467690: adding penalties to reactions...
SRR6467690: performing second optimization...
calling gimme on SRR6467691...
SRR6467691: performing first optimization...
SRR6467691: generating coefficients...
SRR6467691: adding penalties to reactions...
SRR6467691: performing second optimization...
calling gimme on SRR6467692...
SRR6467692: performing first optimization...
SRR6467692: generating coefficients...
SRR6467692: adding penalties to reactions...
SRR6467692: performing second optimization...
calling gimme on SRR6467693...
SRR6467693: performing first optimization...
SRR6467693: generating coefficients...
SRR6467693: adding penalties to reactions...
SRR6467693: performing second optimization...
calling gimme on SRR6467694...
SRR6467694: performing first optimization...
SRR6467694: generating coefficients...
SRR6467694: adding penalties to reactions...
SRR6467694: performing second optimization...
calling gimme on SRR6467695...
SRR6467695: performing first optimization...
SRR6467695: generating coefficients...
SRR6467695: adding penalties to reactions...
SRR6467695: performing second optimization...
calling gimme on SRR6467696...
SRR6467696: performing first optimization...
SRR6467696: generating coefficients...
SRR6467696: adding penalties to reactions...
SRR6467696: performing second optimization...
calling gimme on SRR6467697...
SRR6467697: performing first optimization...
SRR6467697: generating coefficients...
SRR6467697: adding penalties to reactions...
SRR6467697: performing second optimization...
calling gimme on SRR6467698...
SRR6467698: performing first optimization...
SRR6467698: generating coefficients...
SRR6467698: adding penalties to reactions...
SRR6467698: performing second optimization...
calling gimme on SRR6467699...
SRR6467699: performing first optimization...
SRR6467699: generating coefficients...
SRR6467699: adding penalties to reactions...
SRR6467699: performing second optimization...
calling gimme on SRR6467700...
SRR6467700: performing first optimization...
SRR6467700: generating coefficients...
SRR6467700: adding penalties to reactions...
SRR6467700: performing second optimization...
calling gimme on SRR6467701...
SRR6467701: performing first optimization...
SRR6467701: generating coefficients...
SRR6467701: adding penalties to reactions...
SRR6467701: performing second optimization...
calling gimme on SRR6467618...
SRR6467618: performing first optimization...
SRR6467618: generating coefficients...
SRR6467618: adding penalties to reactions...
SRR6467618: performing second optimization...
calling gimme on SRR6467619...
SRR6467619: performing first optimization...
SRR6467619: generating coefficients...
SRR6467619: adding penalties to reactions...
SRR6467619: performing second optimization...
calling gimme on SRR6467620...
SRR6467620: performing first optimization...
SRR6467620: generating coefficients...
SRR6467620: adding penalties to reactions...
SRR6467620: performing second optimization...
calling gimme on SRR6467621...
SRR6467621: performing first optimization...
SRR6467621: generating coefficients...
SRR6467621: adding penalties to reactions...
SRR6467621: performing second optimization...
calling gimme on SRR6467622...
SRR6467622: performing first optimization...
SRR6467622: generating coefficients...
SRR6467622: adding penalties to reactions...
SRR6467622: performing second optimization...
calling gimme on SRR6467623...
SRR6467623: performing first optimization...
SRR6467623: generating coefficients...
SRR6467623: adding penalties to reactions...
SRR6467623: performing second optimization...
calling gimme on SRR6467624...
SRR6467624: performing first optimization...
SRR6467624: generating coefficients...
SRR6467624: adding penalties to reactions...
SRR6467624: performing second optimization...
calling gimme on SRR6467625...
SRR6467625: performing first optimization...
SRR6467625: generating coefficients...
SRR6467625: adding penalties to reactions...
SRR6467625: performing second optimization...
calling gimme on SRR6467626...
SRR6467626: performing first optimization...
SRR6467626: generating coefficients...
SRR6467626: adding penalties to reactions...
SRR6467626: performing second optimization...
calling gimme on SRR6467627...
SRR6467627: performing first optimization...
SRR6467627: generating coefficients...
SRR6467627: adding penalties to reactions...
SRR6467627: performing second optimization...
calling gimme on SRR6467628...
SRR6467628: performing first optimization...
SRR6467628: generating coefficients...
SRR6467628: adding penalties to reactions...
SRR6467628: performing second optimization...
calling gimme on SRR6467629...
SRR6467629: performing first optimization...
SRR6467629: generating coefficients...
SRR6467629: adding penalties to reactions...
SRR6467629: performing second optimization...
calling gimme on SRR6467630...
SRR6467630: performing first optimization...
SRR6467630: generating coefficients...
SRR6467630: adding penalties to reactions...
SRR6467630: performing second optimization...
calling gimme on SRR6467631...
SRR6467631: performing first optimization...
SRR6467631: generating coefficients...
SRR6467631: adding penalties to reactions...
SRR6467631: performing second optimization...
calling gimme on SRR6467730...
SRR6467730: performing first optimization...
SRR6467730: generating coefficients...
SRR6467730: adding penalties to reactions...
SRR6467730: performing second optimization...
calling gimme on SRR6467731...
SRR6467731: performing first optimization...
SRR6467731: generating coefficients...
SRR6467731: adding penalties to reactions...
SRR6467731: performing second optimization...
calling gimme on SRR6467732...
SRR6467732: performing first optimization...
SRR6467732: generating coefficients...
SRR6467732: adding penalties to reactions...
SRR6467732: performing second optimization...
calling gimme on SRR6467733...
SRR6467733: performing first optimization...
SRR6467733: generating coefficients...
SRR6467733: adding penalties to reactions...
SRR6467733: performing second optimization...
calling gimme on SRR6467734...
SRR6467734: performing first optimization...
SRR6467734: generating coefficients...
SRR6467734: adding penalties to reactions...
SRR6467734: performing second optimization...
calling gimme on SRR6467735...
SRR6467735: performing first optimization...
SRR6467735: generating coefficients...
SRR6467735: adding penalties to reactions...
SRR6467735: performing second optimization...
calling gimme on SRR6467736...
SRR6467736: performing first optimization...
SRR6467736: generating coefficients...
SRR6467736: adding penalties to reactions...
SRR6467736: performing second optimization...
calling gimme on SRR6467737...
SRR6467737: performing first optimization...
SRR6467737: generating coefficients...
SRR6467737: adding penalties to reactions...
SRR6467737: performing second optimization...
calling gimme on SRR6467738...
SRR6467738: performing first optimization...
SRR6467738: generating coefficients...
SRR6467738: adding penalties to reactions...
SRR6467738: performing second optimization...
calling gimme on SRR6467739...
SRR6467739: performing first optimization...
SRR6467739: generating coefficients...
SRR6467739: adding penalties to reactions...
SRR6467739: performing second optimization...
calling gimme on SRR6467740...
SRR6467740: performing first optimization...
SRR6467740: generating coefficients...
SRR6467740: adding penalties to reactions...
SRR6467740: performing second optimization...
calling gimme on SRR6467741...
SRR6467741: performing first optimization...
SRR6467741: generating coefficients...
SRR6467741: adding penalties to reactions...
SRR6467741: performing second optimization...
calling gimme on SRR6467742...
SRR6467742: performing first optimization...
SRR6467742: generating coefficients...
SRR6467742: adding penalties to reactions...
SRR6467742: performing second optimization...
calling gimme on SRR6467743...
SRR6467743: performing first optimization...
SRR6467743: generating coefficients...
SRR6467743: adding penalties to reactions...
SRR6467743: performing second optimization...
calling gimme on SRR6467604...
SRR6467604: performing first optimization...
SRR6467604: generating coefficients...
SRR6467604: adding penalties to reactions...
SRR6467604: performing second optimization...
calling gimme on SRR6467605...
SRR6467605: performing first optimization...
SRR6467605: generating coefficients...
SRR6467605: adding penalties to reactions...
SRR6467605: performing second optimization...
calling gimme on SRR6467606...
SRR6467606: performing first optimization...
SRR6467606: generating coefficients...
SRR6467606: adding penalties to reactions...
SRR6467606: performing second optimization...
calling gimme on SRR6467607...
SRR6467607: performing first optimization...
SRR6467607: generating coefficients...
SRR6467607: adding penalties to reactions...
SRR6467607: performing second optimization...
calling gimme on SRR6467608...
SRR6467608: performing first optimization...
SRR6467608: generating coefficients...
SRR6467608: adding penalties to reactions...
SRR6467608: performing second optimization...
calling gimme on SRR6467609...
SRR6467609: performing first optimization...
SRR6467609: generating coefficients...
SRR6467609: adding penalties to reactions...
SRR6467609: performing second optimization...
calling gimme on SRR6467610...
SRR6467610: performing first optimization...
SRR6467610: generating coefficients...
SRR6467610: adding penalties to reactions...
SRR6467610: performing second optimization...
calling gimme on SRR6467611...
SRR6467611: performing first optimization...
SRR6467611: generating coefficients...
SRR6467611: adding penalties to reactions...
SRR6467611: performing second optimization...
calling gimme on SRR6467612...
SRR6467612: performing first optimization...
SRR6467612: generating coefficients...
SRR6467612: adding penalties to reactions...
SRR6467612: performing second optimization...
calling gimme on SRR6467613...
SRR6467613: performing first optimization...
SRR6467613: generating coefficients...
SRR6467613: adding penalties to reactions...
SRR6467613: performing second optimization...
calling gimme on SRR6467614...
SRR6467614: performing first optimization...
SRR6467614: generating coefficients...
SRR6467614: adding penalties to reactions...
SRR6467614: performing second optimization...
calling gimme on SRR6467615...
SRR6467615: performing first optimization...
SRR6467615: generating coefficients...
SRR6467615: adding penalties to reactions...
SRR6467615: performing second optimization...
calling gimme on SRR6467616...
SRR6467616: performing first optimization...
SRR6467616: generating coefficients...
SRR6467616: adding penalties to reactions...
SRR6467616: performing second optimization...
calling gimme on SRR6467617...
SRR6467617: performing first optimization...
SRR6467617: generating coefficients...
SRR6467617: adding penalties to reactions...
SRR6467617: performing second optimization...
calling gimme on SRR6467632...
SRR6467632: performing first optimization...
SRR6467632: generating coefficients...
SRR6467632: adding penalties to reactions...
SRR6467632: performing second optimization...
calling gimme on SRR6467633...
SRR6467633: performing first optimization...
SRR6467633: generating coefficients...
SRR6467633: adding penalties to reactions...
SRR6467633: performing second optimization...
calling gimme on SRR6467634...
SRR6467634: performing first optimization...
SRR6467634: generating coefficients...
SRR6467634: adding penalties to reactions...
SRR6467634: performing second optimization...
calling gimme on SRR6467635...
SRR6467635: performing first optimization...
SRR6467635: generating coefficients...
SRR6467635: adding penalties to reactions...
SRR6467635: performing second optimization...
calling gimme on SRR6467636...
SRR6467636: performing first optimization...
SRR6467636: generating coefficients...
SRR6467636: adding penalties to reactions...
SRR6467636: performing second optimization...
calling gimme on SRR6467637...
SRR6467637: performing first optimization...
SRR6467637: generating coefficients...
SRR6467637: adding penalties to reactions...
SRR6467637: performing second optimization...
calling gimme on SRR6467638...
SRR6467638: performing first optimization...
SRR6467638: generating coefficients...
SRR6467638: adding penalties to reactions...
SRR6467638: performing second optimization...
calling gimme on SRR6467639...
SRR6467639: performing first optimization...
SRR6467639: generating coefficients...
SRR6467639: adding penalties to reactions...
SRR6467639: performing second optimization...
calling gimme on SRR6467640...
SRR6467640: performing first optimization...
SRR6467640: generating coefficients...
SRR6467640: adding penalties to reactions...
SRR6467640: performing second optimization...
calling gimme on SRR6467641...
SRR6467641: performing first optimization...
SRR6467641: generating coefficients...
SRR6467641: adding penalties to reactions...
SRR6467641: performing second optimization...
calling gimme on SRR6467642...
SRR6467642: performing first optimization...
SRR6467642: generating coefficients...
SRR6467642: adding penalties to reactions...
SRR6467642: performing second optimization...
calling gimme on SRR6467643...
SRR6467643: performing first optimization...
SRR6467643: generating coefficients...
SRR6467643: adding penalties to reactions...
SRR6467643: performing second optimization...
calling gimme on SRR6467644...
SRR6467644: performing first optimization...
SRR6467644: generating coefficients...
SRR6467644: adding penalties to reactions...
SRR6467644: performing second optimization...
calling gimme on SRR6467645...
SRR6467645: performing first optimization...
SRR6467645: generating coefficients...
SRR6467645: adding penalties to reactions...
SRR6467645: performing second optimization...
calling gimme on SRR6467646...
SRR6467646: performing first optimization...
SRR6467646: generating coefficients...
SRR6467646: adding penalties to reactions...
SRR6467646: performing second optimization...
calling gimme on SRR6467647...
SRR6467647: performing first optimization...
SRR6467647: generating coefficients...
SRR6467647: adding penalties to reactions...
SRR6467647: performing second optimization...
calling gimme on SRR6467648...
SRR6467648: performing first optimization...
SRR6467648: generating coefficients...
SRR6467648: adding penalties to reactions...
SRR6467648: performing second optimization...
calling gimme on SRR6467649...
SRR6467649: performing first optimization...
SRR6467649: generating coefficients...
SRR6467649: adding penalties to reactions...
SRR6467649: performing second optimization...
calling gimme on SRR6467650...
SRR6467650: performing first optimization...
SRR6467650: generating coefficients...
SRR6467650: adding penalties to reactions...
SRR6467650: performing second optimization...
calling gimme on SRR6467651...
SRR6467651: performing first optimization...
SRR6467651: generating coefficients...
SRR6467651: adding penalties to reactions...
SRR6467651: performing second optimization...
calling gimme on SRR6467652...
SRR6467652: performing first optimization...
SRR6467652: generating coefficients...
SRR6467652: adding penalties to reactions...
SRR6467652: performing second optimization...
calling gimme on SRR6467653...
SRR6467653: performing first optimization...
SRR6467653: generating coefficients...
SRR6467653: adding penalties to reactions...
SRR6467653: performing second optimization...
calling gimme on SRR6467654...
SRR6467654: performing first optimization...
SRR6467654: generating coefficients...
SRR6467654: adding penalties to reactions...
SRR6467654: performing second optimization...
calling gimme on SRR6467655...
SRR6467655: performing first optimization...
SRR6467655: generating coefficients...
SRR6467655: adding penalties to reactions...
SRR6467655: performing second optimization...
calling gimme on SRR6467656...
SRR6467656: performing first optimization...
SRR6467656: generating coefficients...
SRR6467656: adding penalties to reactions...
SRR6467656: performing second optimization...
calling gimme on SRR6467657...
SRR6467657: performing first optimization...
SRR6467657: generating coefficients...
SRR6467657: adding penalties to reactions...
SRR6467657: performing second optimization...
calling gimme on SRR6467658...
SRR6467658: performing first optimization...
SRR6467658: generating coefficients...
SRR6467658: adding penalties to reactions...
SRR6467658: performing second optimization...
calling gimme on SRR6467659...
SRR6467659: performing first optimization...
SRR6467659: generating coefficients...
SRR6467659: adding penalties to reactions...
SRR6467659: performing second optimization...
calling gimme on SRR6467548...
SRR6467548: performing first optimization...
SRR6467548: generating coefficients...
SRR6467548: adding penalties to reactions...
SRR6467548: performing second optimization...
calling gimme on SRR6467549...
SRR6467549: performing first optimization...
SRR6467549: generating coefficients...
SRR6467549: adding penalties to reactions...
SRR6467549: performing second optimization...
calling gimme on SRR6467550...
SRR6467550: performing first optimization...
SRR6467550: generating coefficients...
SRR6467550: adding penalties to reactions...
SRR6467550: performing second optimization...
calling gimme on SRR6467551...
SRR6467551: performing first optimization...
SRR6467551: generating coefficients...
SRR6467551: adding penalties to reactions...
SRR6467551: performing second optimization...
calling gimme on SRR6467552...
SRR6467552: performing first optimization...
SRR6467552: generating coefficients...
SRR6467552: adding penalties to reactions...
SRR6467552: performing second optimization...
calling gimme on SRR6467553...
SRR6467553: performing first optimization...
SRR6467553: generating coefficients...
SRR6467553: adding penalties to reactions...
SRR6467553: performing second optimization...
calling gimme on SRR6467554...
SRR6467554: performing first optimization...
SRR6467554: generating coefficients...
SRR6467554: adding penalties to reactions...
SRR6467554: performing second optimization...
calling gimme on SRR6467555...
SRR6467555: performing first optimization...
SRR6467555: generating coefficients...
SRR6467555: adding penalties to reactions...
SRR6467555: performing second optimization...
calling gimme on SRR6467556...
SRR6467556: performing first optimization...
SRR6467556: generating coefficients...
SRR6467556: adding penalties to reactions...
SRR6467556: performing second optimization...
calling gimme on SRR6467557...
SRR6467557: performing first optimization...
SRR6467557: generating coefficients...
SRR6467557: adding penalties to reactions...
SRR6467557: performing second optimization...
calling gimme on SRR6467558...
SRR6467558: performing first optimization...
SRR6467558: generating coefficients...
SRR6467558: adding penalties to reactions...
SRR6467558: performing second optimization...
calling gimme on SRR6467559...
SRR6467559: performing first optimization...
SRR6467559: generating coefficients...
SRR6467559: adding penalties to reactions...
SRR6467559: performing second optimization...
calling gimme on SRR6467560...
SRR6467560: performing first optimization...
SRR6467560: generating coefficients...
SRR6467560: adding penalties to reactions...
SRR6467560: performing second optimization...
calling gimme on SRR6467561...
SRR6467561: performing first optimization...
SRR6467561: generating coefficients...
SRR6467561: adding penalties to reactions...
SRR6467561: performing second optimization...
calling gimme on SRR6467660...
SRR6467660: performing first optimization...
SRR6467660: generating coefficients...
SRR6467660: adding penalties to reactions...
SRR6467660: performing second optimization...
calling gimme on SRR6467661...
SRR6467661: performing first optimization...
SRR6467661: generating coefficients...
SRR6467661: adding penalties to reactions...
SRR6467661: performing second optimization...
calling gimme on SRR6467662...
SRR6467662: performing first optimization...
SRR6467662: generating coefficients...
SRR6467662: adding penalties to reactions...
SRR6467662: performing second optimization...
calling gimme on SRR6467663...
SRR6467663: performing first optimization...
SRR6467663: generating coefficients...
SRR6467663: adding penalties to reactions...
SRR6467663: performing second optimization...
calling gimme on SRR6467664...
SRR6467664: performing first optimization...
SRR6467664: generating coefficients...
SRR6467664: adding penalties to reactions...
SRR6467664: performing second optimization...
calling gimme on SRR6467665...
SRR6467665: performing first optimization...
SRR6467665: generating coefficients...
SRR6467665: adding penalties to reactions...
SRR6467665: performing second optimization...
calling gimme on SRR6467666...
SRR6467666: performing first optimization...
SRR6467666: generating coefficients...
SRR6467666: adding penalties to reactions...
SRR6467666: performing second optimization...
calling gimme on SRR6467667...
SRR6467667: performing first optimization...
SRR6467667: generating coefficients...
SRR6467667: adding penalties to reactions...
SRR6467667: performing second optimization...
calling gimme on SRR6467668...
SRR6467668: performing first optimization...
SRR6467668: generating coefficients...
SRR6467668: adding penalties to reactions...
SRR6467668: performing second optimization...
calling gimme on SRR6467669...
SRR6467669: performing first optimization...
SRR6467669: generating coefficients...
SRR6467669: adding penalties to reactions...
SRR6467669: performing second optimization...
calling gimme on SRR6467670...
SRR6467670: performing first optimization...
SRR6467670: generating coefficients...
SRR6467670: adding penalties to reactions...
SRR6467670: performing second optimization...
calling gimme on SRR6467671...
SRR6467671: performing first optimization...
SRR6467671: generating coefficients...
SRR6467671: adding penalties to reactions...
SRR6467671: performing second optimization...
calling gimme on SRR6467672...
SRR6467672: performing first optimization...
SRR6467672: generating coefficients...
SRR6467672: adding penalties to reactions...
SRR6467672: performing second optimization...
calling gimme on SRR6467673...
SRR6467673: performing first optimization...
SRR6467673: generating coefficients...
SRR6467673: adding penalties to reactions...
SRR6467673: performing second optimization...
calling gimme on SRR6467716...
SRR6467716: performing first optimization...
SRR6467716: generating coefficients...
SRR6467716: adding penalties to reactions...
SRR6467716: performing second optimization...
calling gimme on SRR6467717...
SRR6467717: performing first optimization...
SRR6467717: generating coefficients...
SRR6467717: adding penalties to reactions...
SRR6467717: performing second optimization...
calling gimme on SRR6467718...
SRR6467718: performing first optimization...
SRR6467718: generating coefficients...
SRR6467718: adding penalties to reactions...
SRR6467718: performing second optimization...
calling gimme on SRR6467719...
SRR6467719: performing first optimization...
SRR6467719: generating coefficients...
SRR6467719: adding penalties to reactions...
SRR6467719: performing second optimization...
calling gimme on SRR6467720...
SRR6467720: performing first optimization...
SRR6467720: generating coefficients...
SRR6467720: adding penalties to reactions...
SRR6467720: performing second optimization...
calling gimme on SRR6467721...
SRR6467721: performing first optimization...
SRR6467721: generating coefficients...
SRR6467721: adding penalties to reactions...
SRR6467721: performing second optimization...
calling gimme on SRR6467722...
SRR6467722: performing first optimization...
SRR6467722: generating coefficients...
SRR6467722: adding penalties to reactions...
SRR6467722: performing second optimization...
calling gimme on SRR6467723...
SRR6467723: performing first optimization...
SRR6467723: generating coefficients...
SRR6467723: adding penalties to reactions...
SRR6467723: performing second optimization...
calling gimme on SRR6467724...
SRR6467724: performing first optimization...
SRR6467724: generating coefficients...
SRR6467724: adding penalties to reactions...
SRR6467724: performing second optimization...
calling gimme on SRR6467725...
SRR6467725: performing first optimization...
SRR6467725: generating coefficients...
SRR6467725: adding penalties to reactions...
SRR6467725: performing second optimization...
calling gimme on SRR6467726...
SRR6467726: performing first optimization...
SRR6467726: generating coefficients...
SRR6467726: adding penalties to reactions...
SRR6467726: performing second optimization...
calling gimme on SRR6467727...
SRR6467727: performing first optimization...
SRR6467727: generating coefficients...
SRR6467727: adding penalties to reactions...
SRR6467727: performing second optimization...
calling gimme on SRR6467728...
SRR6467728: performing first optimization...
SRR6467728: generating coefficients...
SRR6467728: adding penalties to reactions...
SRR6467728: performing second optimization...
calling gimme on SRR6467729...
SRR6467729: performing first optimization...
SRR6467729: generating coefficients...
SRR6467729: adding penalties to reactions...
SRR6467729: performing second optimization...
calling gimme on SRR6467576...
SRR6467576: performing first optimization...
SRR6467576: generating coefficients...
SRR6467576: adding penalties to reactions...
SRR6467576: performing second optimization...
calling gimme on SRR6467577...
SRR6467577: performing first optimization...
SRR6467577: generating coefficients...
SRR6467577: adding penalties to reactions...
SRR6467577: performing second optimization...
calling gimme on SRR6467578...
SRR6467578: performing first optimization...
SRR6467578: generating coefficients...
SRR6467578: adding penalties to reactions...
SRR6467578: performing second optimization...
calling gimme on SRR6467579...
SRR6467579: performing first optimization...
SRR6467579: generating coefficients...
SRR6467579: adding penalties to reactions...
SRR6467579: performing second optimization...
calling gimme on SRR6467580...
SRR6467580: performing first optimization...
SRR6467580: generating coefficients...
SRR6467580: adding penalties to reactions...
SRR6467580: performing second optimization...
calling gimme on SRR6467581...
SRR6467581: performing first optimization...
SRR6467581: generating coefficients...
SRR6467581: adding penalties to reactions...
SRR6467581: performing second optimization...
calling gimme on SRR6467582...
SRR6467582: performing first optimization...
SRR6467582: generating coefficients...
SRR6467582: adding penalties to reactions...
SRR6467582: performing second optimization...
calling gimme on SRR6467583...
SRR6467583: performing first optimization...
SRR6467583: generating coefficients...
SRR6467583: adding penalties to reactions...
SRR6467583: performing second optimization...
calling gimme on SRR6467584...
SRR6467584: performing first optimization...
SRR6467584: generating coefficients...
SRR6467584: adding penalties to reactions...
SRR6467584: performing second optimization...
calling gimme on SRR6467585...
SRR6467585: performing first optimization...
SRR6467585: generating coefficients...
SRR6467585: adding penalties to reactions...
SRR6467585: performing second optimization...
calling gimme on SRR6467586...
SRR6467586: performing first optimization...
SRR6467586: generating coefficients...
SRR6467586: adding penalties to reactions...
SRR6467586: performing second optimization...
calling gimme on SRR6467587...
SRR6467587: performing first optimization...
SRR6467587: generating coefficients...
SRR6467587: adding penalties to reactions...
SRR6467587: performing second optimization...
calling gimme on SRR6467588...
SRR6467588: performing first optimization...
SRR6467588: generating coefficients...
SRR6467588: adding penalties to reactions...
SRR6467588: performing second optimization...
calling gimme on SRR6467589...
SRR6467589: performing first optimization...
SRR6467589: generating coefficients...
SRR6467589: adding penalties to reactions...
SRR6467589: performing second optimization...
calling gimme on SRR6467744...
SRR6467744: performing first optimization...
SRR6467744: generating coefficients...
SRR6467744: adding penalties to reactions...
SRR6467744: performing second optimization...
calling gimme on SRR6467745...
SRR6467745: performing first optimization...
SRR6467745: generating coefficients...
SRR6467745: adding penalties to reactions...
SRR6467745: performing second optimization...
calling gimme on SRR6467746...
SRR6467746: performing first optimization...
SRR6467746: generating coefficients...
SRR6467746: adding penalties to reactions...
SRR6467746: performing second optimization...
calling gimme on SRR6467747...
SRR6467747: performing first optimization...
SRR6467747: generating coefficients...
SRR6467747: adding penalties to reactions...
SRR6467747: performing second optimization...
calling gimme on SRR6467748...
SRR6467748: performing first optimization...
SRR6467748: generating coefficients...
SRR6467748: adding penalties to reactions...
SRR6467748: performing second optimization...
calling gimme on SRR6467749...
SRR6467749: performing first optimization...
SRR6467749: generating coefficients...
SRR6467749: adding penalties to reactions...
SRR6467749: performing second optimization...
calling gimme on SRR6467750...
SRR6467750: performing first optimization...
SRR6467750: generating coefficients...
SRR6467750: adding penalties to reactions...
SRR6467750: performing second optimization...
calling gimme on SRR6467751...
SRR6467751: performing first optimization...
SRR6467751: generating coefficients...
SRR6467751: adding penalties to reactions...
SRR6467751: performing second optimization...
calling gimme on SRR6467752...
SRR6467752: performing first optimization...
SRR6467752: generating coefficients...
SRR6467752: adding penalties to reactions...
SRR6467752: performing second optimization...
calling gimme on SRR6467753...
SRR6467753: performing first optimization...
SRR6467753: generating coefficients...
SRR6467753: adding penalties to reactions...
SRR6467753: performing second optimization...
calling gimme on SRR6467754...
SRR6467754: performing first optimization...
SRR6467754: generating coefficients...
SRR6467754: adding penalties to reactions...
SRR6467754: performing second optimization...
calling gimme on SRR6467755...
SRR6467755: performing first optimization...
SRR6467755: generating coefficients...
SRR6467755: adding penalties to reactions...
SRR6467755: performing second optimization...
calling gimme on SRR6467756...
SRR6467756: performing first optimization...
SRR6467756: generating coefficients...
SRR6467756: adding penalties to reactions...
SRR6467756: performing second optimization...
calling gimme on SRR6467757...
SRR6467757: performing first optimization...
SRR6467757: generating coefficients...
SRR6467757: adding penalties to reactions...
SRR6467757: performing second optimization...
calling gimme on SRR6467702...
SRR6467702: performing first optimization...
SRR6467702: generating coefficients...
SRR6467702: adding penalties to reactions...
SRR6467702: performing second optimization...
calling gimme on SRR6467703...
SRR6467703: performing first optimization...
SRR6467703: generating coefficients...
SRR6467703: adding penalties to reactions...
SRR6467703: performing second optimization...
calling gimme on SRR6467704...
SRR6467704: performing first optimization...
SRR6467704: generating coefficients...
SRR6467704: adding penalties to reactions...
SRR6467704: performing second optimization...
calling gimme on SRR6467705...
SRR6467705: performing first optimization...
SRR6467705: generating coefficients...
SRR6467705: adding penalties to reactions...
SRR6467705: performing second optimization...
calling gimme on SRR6467706...
SRR6467706: performing first optimization...
SRR6467706: generating coefficients...
SRR6467706: adding penalties to reactions...
SRR6467706: performing second optimization...
calling gimme on SRR6467707...
SRR6467707: performing first optimization...
SRR6467707: generating coefficients...
SRR6467707: adding penalties to reactions...
SRR6467707: performing second optimization...
calling gimme on SRR6467708...
SRR6467708: performing first optimization...
SRR6467708: generating coefficients...
SRR6467708: adding penalties to reactions...
SRR6467708: performing second optimization...
calling gimme on SRR6467709...
SRR6467709: performing first optimization...
SRR6467709: generating coefficients...
SRR6467709: adding penalties to reactions...
SRR6467709: performing second optimization...
calling gimme on SRR6467710...
SRR6467710: performing first optimization...
SRR6467710: generating coefficients...
SRR6467710: adding penalties to reactions...
SRR6467710: performing second optimization...
calling gimme on SRR6467711...
SRR6467711: performing first optimization...
SRR6467711: generating coefficients...
SRR6467711: adding penalties to reactions...
SRR6467711: performing second optimization...
calling gimme on SRR6467712...
SRR6467712: performing first optimization...
SRR6467712: generating coefficients...
SRR6467712: adding penalties to reactions...
SRR6467712: performing second optimization...
calling gimme on SRR6467713...
SRR6467713: performing first optimization...
SRR6467713: generating coefficients...
SRR6467713: adding penalties to reactions...
SRR6467713: performing second optimization...
calling gimme on SRR6467714...
SRR6467714: performing first optimization...
SRR6467714: generating coefficients...
SRR6467714: adding penalties to reactions...
SRR6467714: performing second optimization...
calling gimme on SRR6467715...
SRR6467715: performing first optimization...
SRR6467715: generating coefficients...
SRR6467715: adding penalties to reactions...
SRR6467715: performing second optimization...
calling gimme on SRR6467674...
SRR6467674: performing first optimization...
SRR6467674: generating coefficients...
SRR6467674: adding penalties to reactions...
SRR6467674: performing second optimization...
calling gimme on SRR6467675...
SRR6467675: performing first optimization...
SRR6467675: generating coefficients...
SRR6467675: adding penalties to reactions...
SRR6467675: performing second optimization...
calling gimme on SRR6467676...
SRR6467676: performing first optimization...
SRR6467676: generating coefficients...
SRR6467676: adding penalties to reactions...
SRR6467676: performing second optimization...
calling gimme on SRR6467677...
SRR6467677: performing first optimization...
SRR6467677: generating coefficients...
SRR6467677: adding penalties to reactions...
SRR6467677: performing second optimization...
calling gimme on SRR6467678...
SRR6467678: performing first optimization...
SRR6467678: generating coefficients...
SRR6467678: adding penalties to reactions...
SRR6467678: performing second optimization...
calling gimme on SRR6467679...
SRR6467679: performing first optimization...
SRR6467679: generating coefficients...
SRR6467679: adding penalties to reactions...
SRR6467679: performing second optimization...
calling gimme on SRR6467680...
SRR6467680: performing first optimization...
SRR6467680: generating coefficients...
SRR6467680: adding penalties to reactions...
SRR6467680: performing second optimization...
calling gimme on SRR6467681...
SRR6467681: performing first optimization...
SRR6467681: generating coefficients...
SRR6467681: adding penalties to reactions...
SRR6467681: performing second optimization...
calling gimme on SRR6467682...
SRR6467682: performing first optimization...
SRR6467682: generating coefficients...
SRR6467682: adding penalties to reactions...
SRR6467682: performing second optimization...
calling gimme on SRR6467683...
SRR6467683: performing first optimization...
SRR6467683: generating coefficients...
SRR6467683: adding penalties to reactions...
SRR6467683: performing second optimization...
calling gimme on SRR6467684...
SRR6467684: performing first optimization...
SRR6467684: generating coefficients...
SRR6467684: adding penalties to reactions...
SRR6467684: performing second optimization...
calling gimme on SRR6467685...
SRR6467685: performing first optimization...
SRR6467685: generating coefficients...
SRR6467685: adding penalties to reactions...
SRR6467685: performing second optimization...
calling gimme on SRR6467686...
SRR6467686: performing first optimization...
SRR6467686: generating coefficients...
SRR6467686: adding penalties to reactions...
SRR6467686: performing second optimization...
calling gimme on SRR6467687...
SRR6467687: performing first optimization...
SRR6467687: generating coefficients...
SRR6467687: adding penalties to reactions...
SRR6467687: performing second optimization...
calling gimme on SRR6467590...
SRR6467590: performing first optimization...
SRR6467590: generating coefficients...
SRR6467590: adding penalties to reactions...
SRR6467590: performing second optimization...
calling gimme on SRR6467591...
SRR6467591: performing first optimization...
SRR6467591: generating coefficients...
SRR6467591: adding penalties to reactions...
SRR6467591: performing second optimization...
calling gimme on SRR6467592...
SRR6467592: performing first optimization...
SRR6467592: generating coefficients...
SRR6467592: adding penalties to reactions...
SRR6467592: performing second optimization...
calling gimme on SRR6467593...
SRR6467593: performing first optimization...
SRR6467593: generating coefficients...
SRR6467593: adding penalties to reactions...
SRR6467593: performing second optimization...
calling gimme on SRR6467594...
SRR6467594: performing first optimization...
SRR6467594: generating coefficients...
SRR6467594: adding penalties to reactions...
SRR6467594: performing second optimization...
calling gimme on SRR6467595...
SRR6467595: performing first optimization...
SRR6467595: generating coefficients...
SRR6467595: adding penalties to reactions...
SRR6467595: performing second optimization...
calling gimme on SRR6467596...
SRR6467596: performing first optimization...
SRR6467596: generating coefficients...
SRR6467596: adding penalties to reactions...
SRR6467596: performing second optimization...
calling gimme on SRR6467597...
SRR6467597: performing first optimization...
SRR6467597: generating coefficients...
SRR6467597: adding penalties to reactions...
SRR6467597: performing second optimization...
calling gimme on SRR6467598...
SRR6467598: performing first optimization...
SRR6467598: generating coefficients...
SRR6467598: adding penalties to reactions...
SRR6467598: performing second optimization...
calling gimme on SRR6467599...
SRR6467599: performing first optimization...
SRR6467599: generating coefficients...
SRR6467599: adding penalties to reactions...
SRR6467599: performing second optimization...
calling gimme on SRR6467600...
SRR6467600: performing first optimization...
SRR6467600: generating coefficients...
SRR6467600: adding penalties to reactions...
SRR6467600: performing second optimization...
calling gimme on SRR6467601...
SRR6467601: performing first optimization...
SRR6467601: generating coefficients...
SRR6467601: adding penalties to reactions...
SRR6467601: performing second optimization...
calling gimme on SRR6467602...
SRR6467602: performing first optimization...
SRR6467602: generating coefficients...
SRR6467602: adding penalties to reactions...
SRR6467602: performing second optimization...
calling gimme on SRR6467603...
SRR6467603: performing first optimization...
SRR6467603: generating coefficients...
SRR6467603: adding penalties to reactions...
SRR6467603: performing second optimization...
calling gimme on SRR6467562...
SRR6467562: performing first optimization...
SRR6467562: generating coefficients...
SRR6467562: adding penalties to reactions...
SRR6467562: performing second optimization...
calling gimme on SRR6467563...
SRR6467563: performing first optimization...
SRR6467563: generating coefficients...
SRR6467563: adding penalties to reactions...
SRR6467563: performing second optimization...
calling gimme on SRR6467564...
SRR6467564: performing first optimization...
SRR6467564: generating coefficients...
SRR6467564: adding penalties to reactions...
SRR6467564: performing second optimization...
calling gimme on SRR6467565...
SRR6467565: performing first optimization...
SRR6467565: generating coefficients...
SRR6467565: adding penalties to reactions...
SRR6467565: performing second optimization...
calling gimme on SRR6467566...
SRR6467566: performing first optimization...
SRR6467566: generating coefficients...
SRR6467566: adding penalties to reactions...
SRR6467566: performing second optimization...
calling gimme on SRR6467567...
SRR6467567: performing first optimization...
SRR6467567: generating coefficients...
SRR6467567: adding penalties to reactions...
SRR6467567: performing second optimization...
calling gimme on SRR6467568...
SRR6467568: performing first optimization...
SRR6467568: generating coefficients...
SRR6467568: adding penalties to reactions...
SRR6467568: performing second optimization...
calling gimme on SRR6467569...
SRR6467569: performing first optimization...
SRR6467569: generating coefficients...
SRR6467569: adding penalties to reactions...
SRR6467569: performing second optimization...
calling gimme on SRR6467570...
SRR6467570: performing first optimization...
SRR6467570: generating coefficients...
SRR6467570: adding penalties to reactions...
SRR6467570: performing second optimization...
calling gimme on SRR6467571...
SRR6467571: performing first optimization...
SRR6467571: generating coefficients...
SRR6467571: adding penalties to reactions...
SRR6467571: performing second optimization...
calling gimme on SRR6467572...
SRR6467572: performing first optimization...
SRR6467572: generating coefficients...
SRR6467572: adding penalties to reactions...
SRR6467572: performing second optimization...
calling gimme on SRR6467573...
SRR6467573: performing first optimization...
SRR6467573: generating coefficients...
SRR6467573: adding penalties to reactions...
SRR6467573: performing second optimization...
calling gimme on SRR6467574...
SRR6467574: performing first optimization...
SRR6467574: generating coefficients...
SRR6467574: adding penalties to reactions...
SRR6467574: performing second optimization...
calling gimme on SRR6467575...
SRR6467575: performing first optimization...
SRR6467575: generating coefficients...
SRR6467575: adding penalties to reactions...
SRR6467575: performing second optimization...
calling gimme on SRR6467758...
SRR6467758: performing first optimization...
SRR6467758: generating coefficients...
SRR6467758: adding penalties to reactions...
SRR6467758: performing second optimization...
calling gimme on SRR6467759...
SRR6467759: performing first optimization...
SRR6467759: generating coefficients...
SRR6467759: adding penalties to reactions...
SRR6467759: performing second optimization...
calling gimme on SRR6467760...
SRR6467760: performing first optimization...
SRR6467760: generating coefficients...
SRR6467760: adding penalties to reactions...
SRR6467760: performing second optimization...
calling gimme on SRR6467761...
SRR6467761: performing first optimization...
SRR6467761: generating coefficients...
SRR6467761: adding penalties to reactions...
SRR6467761: performing second optimization...
calling gimme on SRR6467762...
SRR6467762: performing first optimization...
SRR6467762: generating coefficients...
SRR6467762: adding penalties to reactions...
SRR6467762: performing second optimization...
calling gimme on SRR6467763...
SRR6467763: performing first optimization...
SRR6467763: generating coefficients...
SRR6467763: adding penalties to reactions...
SRR6467763: performing second optimization...
calling gimme on SRR6467764...
SRR6467764: performing first optimization...
SRR6467764: generating coefficients...
SRR6467764: adding penalties to reactions...
SRR6467764: performing second optimization...
calling gimme on SRR6467766...
SRR6467766: performing first optimization...
SRR6467766: generating coefficients...
SRR6467766: adding penalties to reactions...
SRR6467766: performing second optimization...
calling gimme on SRR6467767...
SRR6467767: performing first optimization...
SRR6467767: generating coefficients...
SRR6467767: adding penalties to reactions...
SRR6467767: performing second optimization...
calling gimme on SRR6467768...
SRR6467768: performing first optimization...
SRR6467768: generating coefficients...
SRR6467768: adding penalties to reactions...
SRR6467768: performing second optimization...
calling gimme on SRR6467769...
SRR6467769: performing first optimization...
SRR6467769: generating coefficients...
SRR6467769: adding penalties to reactions...
SRR6467769: performing second optimization...
calling gimme on SRR6467770...
SRR6467770: performing first optimization...
SRR6467770: generating coefficients...
SRR6467770: adding penalties to reactions...
SRR6467770: performing second optimization...
calling gimme on SRR6467771...
SRR6467771: performing first optimization...
SRR6467771: generating coefficients...
SRR6467771: adding penalties to reactions...
SRR6467771: performing second optimization...
calling gimme on SRR6467773...
SRR6467773: performing first optimization...
SRR6467773: generating coefficients...
SRR6467773: adding penalties to reactions...
SRR6467773: performing second optimization...
done!
